2017-12-15 00:41:33,876 - spider.py:150 - /home/destino74/vhost/jipin/spider/liepin/../log/liepin.log - [详情页排重] url: https://www.liepin.com/job/1910558996.shtml
2017-12-15 00:41:33,876 - spider.py:150 - /home/destino74/vhost/jipin/spider/liepin/../log/liepin.log - [详情页排重] url: https://www.liepin.com//a/9833631.shtml
2017-12-15 00:41:33,876 - spider.py:150 - /home/destino74/vhost/jipin/spider/liepin/../log/liepin.log - [详情页排重] url: https://www.liepin.com/job/1910222889.shtml
2017-12-15 00:41:33,876 - spider.py:150 - /home/destino74/vhost/jipin/spider/liepin/../log/liepin.log - [详情页排重] url: https://www.liepin.com//a/10122644.shtml
2017-12-15 00:41:33,876 - spider.py:150 - /home/destino74/vhost/jipin/spider/liepin/../log/liepin.log - [详情页排重] url: https://www.liepin.com//a/10242777.shtml
2017-12-15 00:41:33,877 - spider.py:150 - /home/destino74/vhost/jipin/spider/liepin/../log/liepin.log - [详情页排重] url: https://www.liepin.com//a/10138497.shtml
2017-12-15 00:41:33,877 - spider.py:150 - /home/destino74/vhost/jipin/spider/liepin/../log/liepin.log - [详情页排重] url: https://www.liepin.com//a/10087415.shtml
2017-12-15 00:41:33,877 - spider.py:150 - /home/destino74/vhost/jipin/spider/liepin/../log/liepin.log - [详情页排重] url: https://www.liepin.com/job/197971114.shtml
2017-12-15 00:41:33,877 - spider.py:150 - /home/destino74/vhost/jipin/spider/liepin/../log/liepin.log - [详情页排重] url: https://www.liepin.com/job/1910496770.shtml
2017-12-15 00:41:33,877 - spider.py:150 - /home/destino74/vhost/jipin/spider/liepin/../log/liepin.log - [详情页排重] url: https://www.liepin.com/job/1910116285.shtml
2017-12-15 00:41:33,877 - spider.py:150 - /home/destino74/vhost/jipin/spider/liepin/../log/liepin.log - [详情页排重] url: https://www.liepin.com/job/1911120721.shtml
2017-12-15 00:41:34,019 - spider.py:145 - /home/destino74/vhost/jipin/spider/liepin/../log/liepin.log - [解析详情页] url: https://www.liepin.com/job/1911317284.shtml
2017-12-15 00:41:35,021 - spider.py:150 - /home/destino74/vhost/jipin/spider/liepin/../log/liepin.log - [详情页排重] url: https://www.liepin.com/job/1911064327.shtml
2017-12-15 00:41:35,021 - spider.py:150 - /home/destino74/vhost/jipin/spider/liepin/../log/liepin.log - [详情页排重] url: https://www.liepin.com/job/1911064307.shtml
2017-12-15 00:41:35,021 - spider.py:150 - /home/destino74/vhost/jipin/spider/liepin/../log/liepin.log - [详情页排重] url: https://www.liepin.com/job/1911027506.shtml
2017-12-15 00:41:35,021 - spider.py:150 - /home/destino74/vhost/jipin/spider/liepin/../log/liepin.log - [详情页排重] url: https://www.liepin.com/job/197398015.shtml
2017-12-15 00:41:35,021 - spider.py:150 - /home/destino74/vhost/jipin/spider/liepin/../log/liepin.log - [详情页排重] url: https://www.liepin.com/job/199964270.shtml
2017-12-15 00:41:35,021 - spider.py:150 - /home/destino74/vhost/jipin/spider/liepin/../log/liepin.log - [详情页排重] url: https://www.liepin.com/job/199589040.shtml
2017-12-15 00:41:35,021 - spider.py:150 - /home/destino74/vhost/jipin/spider/liepin/../log/liepin.log - [详情页排重] url: https://www.liepin.com/job/194921515.shtml
2017-12-15 00:41:35,021 - spider.py:150 - /home/destino74/vhost/jipin/spider/liepin/../log/liepin.log - [详情页排重] url: https://www.liepin.com/job/195262928.shtml
2017-12-15 00:41:35,101 - spider.py:145 - /home/destino74/vhost/jipin/spider/liepin/../log/liepin.log - [解析详情页] url: https://www.liepin.com/job/1911312620.shtml
2017-12-15 00:41:36,101 - spider.py:150 - /home/destino74/vhost/jipin/spider/liepin/../log/liepin.log - [详情页排重] url: https://www.liepin.com/job/197202523.shtml
2017-12-15 00:41:36,211 - spider.py:145 - /home/destino74/vhost/jipin/spider/liepin/../log/liepin.log - [解析详情页] url: https://www.liepin.com/job/1911295673.shtml
2017-12-15 00:41:37,213 - spider.py:150 - /home/destino74/vhost/jipin/spider/liepin/../log/liepin.log - [详情页排重] url: https://www.liepin.com/job/1910455310.shtml
2017-12-15 00:41:37,213 - spider.py:150 - /home/destino74/vhost/jipin/spider/liepin/../log/liepin.log - [详情页排重] url: https://www.liepin.com/job/1911200578.shtml
2017-12-15 00:41:37,213 - spider.py:150 - /home/destino74/vhost/jipin/spider/liepin/../log/liepin.log - [详情页排重] url: https://www.liepin.com/job/199927807.shtml
2017-12-15 00:41:37,213 - spider.py:150 - /home/destino74/vhost/jipin/spider/liepin/../log/liepin.log - [详情页排重] url: https://www.liepin.com/job/1911124109.shtml
2017-12-15 00:41:37,213 - spider.py:150 - /home/destino74/vhost/jipin/spider/liepin/../log/liepin.log - [详情页排重] url: https://www.liepin.com/job/1911079886.shtml
2017-12-15 00:41:37,213 - spider.py:150 - /home/destino74/vhost/jipin/spider/liepin/../log/liepin.log - [详情页排重] url: https://www.liepin.com/job/1911079708.shtml
2017-12-15 00:41:37,356 - spider.py:145 - /home/destino74/vhost/jipin/spider/liepin/../log/liepin.log - [解析详情页] url: https://www.liepin.com/job/1910997906.shtml
2017-12-15 00:41:38,357 - spider.py:150 - /home/destino74/vhost/jipin/spider/liepin/../log/liepin.log - [详情页排重] url: https://www.liepin.com/job/1910871939.shtml
2017-12-15 00:41:38,357 - spider.py:150 - /home/destino74/vhost/jipin/spider/liepin/../log/liepin.log - [详情页排重] url: https://www.liepin.com/job/1910801861.shtml
2017-12-15 00:41:38,357 - spider.py:150 - /home/destino74/vhost/jipin/spider/liepin/../log/liepin.log - [详情页排重] url: https://www.liepin.com/job/1910776403.shtml
2017-12-15 00:41:38,357 - spider.py:150 - /home/destino74/vhost/jipin/spider/liepin/../log/liepin.log - [详情页排重] url: https://www.liepin.com/job/1910685642.shtml
2017-12-15 00:41:38,476 - spider.py:145 - /home/destino74/vhost/jipin/spider/liepin/../log/liepin.log - [解析详情页] url: https://www.liepin.com/job/1910270404.shtml
2017-12-15 00:41:39,477 - spider.py:150 - /home/destino74/vhost/jipin/spider/liepin/../log/liepin.log - [详情页排重] url: https://www.liepin.com/job/1910589811.shtml
2017-12-15 00:41:39,477 - spider.py:150 - /home/destino74/vhost/jipin/spider/liepin/../log/liepin.log - [详情页排重] url: https://www.liepin.com/job/1910559636.shtml
2017-12-15 00:41:39,477 - spider.py:150 - /home/destino74/vhost/jipin/spider/liepin/../log/liepin.log - [详情页排重] url: https://www.liepin.com/job/197654684.shtml
2017-12-15 00:41:39,477 - spider.py:150 - /home/destino74/vhost/jipin/spider/liepin/../log/liepin.log - [详情页排重] url: https://www.liepin.com/job/199966222.shtml
2017-12-15 00:41:39,477 - spider.py:150 - /home/destino74/vhost/jipin/spider/liepin/../log/liepin.log - [详情页排重] url: https://www.liepin.com/job/199964175.shtml
2017-12-15 00:41:39,617 - spider.py:145 - /home/destino74/vhost/jipin/spider/liepin/../log/liepin.log - [解析详情页] url: https://www.liepin.com/job/1911301983.shtml
2017-12-15 00:41:40,617 - spider.py:150 - /home/destino74/vhost/jipin/spider/liepin/../log/liepin.log - [详情页排重] url: https://www.liepin.com/job/199512902.shtml
2017-12-15 00:41:40,618 - spider.py:150 - /home/destino74/vhost/jipin/spider/liepin/../log/liepin.log - [详情页排重] url: https://www.liepin.com/job/199588673.shtml
2017-12-15 00:41:40,618 - spider.py:150 - /home/destino74/vhost/jipin/spider/liepin/../log/liepin.log - [详情页排重] url: https://www.liepin.com/job/195158894.shtml
2017-12-15 00:41:40,618 - spider.py:150 - /home/destino74/vhost/jipin/spider/liepin/../log/liepin.log - [详情页排重] url: https://www.liepin.com/job/197600439.shtml
2017-12-15 00:41:40,618 - spider.py:150 - /home/destino74/vhost/jipin/spider/liepin/../log/liepin.log - [详情页排重] url: https://www.liepin.com/job/199715779.shtml
2017-12-15 00:41:40,618 - spider.py:150 - /home/destino74/vhost/jipin/spider/liepin/../log/liepin.log - [详情页排重] url: https://www.liepin.com/job/199811706.shtml
2017-12-15 00:41:40,618 - spider.py:150 - /home/destino74/vhost/jipin/spider/liepin/../log/liepin.log - [详情页排重] url: https://www.liepin.com/job/1910263954.shtml
2017-12-15 00:41:40,618 - spider.py:150 - /home/destino74/vhost/jipin/spider/liepin/../log/liepin.log - [详情页排重] url: https://www.liepin.com/job/1910542186.shtml
2017-12-15 00:41:40,618 - spider.py:150 - /home/destino74/vhost/jipin/spider/liepin/../log/liepin.log - [详情页排重] url: https://www.liepin.com/job/1910816394.shtml
2017-12-15 00:41:40,618 - spider.py:150 - /home/destino74/vhost/jipin/spider/liepin/../log/liepin.log - [详情页排重] url: https://www.liepin.com/job/1910438960.shtml
2017-12-15 00:41:40,618 - spider.py:150 - /home/destino74/vhost/jipin/spider/liepin/../log/liepin.log - [详情页排重] url: https://www.liepin.com/job/1910438959.shtml
2017-12-15 00:41:40,702 - spider.py:145 - /home/destino74/vhost/jipin/spider/liepin/../log/liepin.log - [解析详情页] url: https://www.liepin.com/job/1911312982.shtml
2017-12-15 00:41:41,847 - spider.py:145 - /home/destino74/vhost/jipin/spider/liepin/../log/liepin.log - [解析详情页] url: https://www.liepin.com/job/199670072.shtml
2017-12-15 00:41:42,849 - spider.py:150 - /home/destino74/vhost/jipin/spider/liepin/../log/liepin.log - [详情页排重] url: https://www.liepin.com/job/1910526907.shtml
2017-12-15 00:41:42,849 - spider.py:150 - /home/destino74/vhost/jipin/spider/liepin/../log/liepin.log - [详情页排重] url: https://www.liepin.com/job/199160163.shtml
2017-12-15 00:41:42,849 - spider.py:150 - /home/destino74/vhost/jipin/spider/liepin/../log/liepin.log - [详情页排重] url: https://www.liepin.com/job/1910829185.shtml
2017-12-15 00:41:42,849 - spider.py:150 - /home/destino74/vhost/jipin/spider/liepin/../log/liepin.log - [详情页排重] url: https://www.liepin.com/job/1911078197.shtml
2017-12-15 00:41:42,849 - spider.py:150 - /home/destino74/vhost/jipin/spider/liepin/../log/liepin.log - [详情页排重] url: https://www.liepin.com/job/199178924.shtml
2017-12-15 00:41:42,849 - spider.py:150 - /home/destino74/vhost/jipin/spider/liepin/../log/liepin.log - [详情页排重] url: https://www.liepin.com/job/1911228466.shtml
2017-12-15 00:41:42,849 - spider.py:150 - /home/destino74/vhost/jipin/spider/liepin/../log/liepin.log - [详情页排重] url: https://www.liepin.com/job/1910823331.shtml
2017-12-15 00:41:42,849 - spider.py:150 - /home/destino74/vhost/jipin/spider/liepin/../log/liepin.log - [详情页排重] url: https://www.liepin.com/job/1910755801.shtml
2017-12-15 00:41:42,849 - spider.py:150 - /home/destino74/vhost/jipin/spider/liepin/../log/liepin.log - [详情页排重] url: https://www.liepin.com/job/199952382.shtml
2017-12-15 00:41:42,850 - spider.py:150 - /home/destino74/vhost/jipin/spider/liepin/../log/liepin.log - [详情页排重] url: https://www.liepin.com/job/198961704.shtml
2017-12-15 00:41:42,850 - spider.py:150 - /home/destino74/vhost/jipin/spider/liepin/../log/liepin.log - [详情页排重] url: https://www.liepin.com/job/1910558995.shtml
2017-12-15 00:41:42,850 - spider.py:150 - /home/destino74/vhost/jipin/spider/liepin/../log/liepin.log - [详情页排重] url: https://www.liepin.com/job/1910716797.shtml
2017-12-15 00:41:42,850 - spider.py:150 - /home/destino74/vhost/jipin/spider/liepin/../log/liepin.log - [详情页排重] url: https://www.liepin.com/job/198932334.shtml
2017-12-15 00:41:42,850 - spider.py:150 - /home/destino74/vhost/jipin/spider/liepin/../log/liepin.log - [详情页排重] url: https://www.liepin.com/job/1910981311.shtml
2017-12-15 00:41:42,850 - spider.py:150 - /home/destino74/vhost/jipin/spider/liepin/../log/liepin.log - [详情页排重] url: https://www.liepin.com/job/1910552719.shtml
2017-12-15 00:41:42,850 - spider.py:150 - /home/destino74/vhost/jipin/spider/liepin/../log/liepin.log - [详情页排重] url: https://www.liepin.com/job/1910873804.shtml
2017-12-15 00:41:42,850 - spider.py:150 - /home/destino74/vhost/jipin/spider/liepin/../log/liepin.log - [详情页排重] url: https://www.liepin.com/job/1910165924.shtml
2017-12-15 00:41:42,850 - spider.py:150 - /home/destino74/vhost/jipin/spider/liepin/../log/liepin.log - [详情页排重] url: https://www.liepin.com/job/194923038.shtml
2017-12-15 00:41:42,850 - spider.py:150 - /home/destino74/vhost/jipin/spider/liepin/../log/liepin.log - [详情页排重] url: https://www.liepin.com//a/10248077.shtml
2017-12-15 00:41:42,850 - spider.py:150 - /home/destino74/vhost/jipin/spider/liepin/../log/liepin.log - [详情页排重] url: https://www.liepin.com//a/10099349.shtml
2017-12-15 00:41:42,850 - spider.py:150 - /home/destino74/vhost/jipin/spider/liepin/../log/liepin.log - [详情页排重] url: https://www.liepin.com//a/9989720.shtml
2017-12-15 00:41:42,904 - spider.py:147 - /home/destino74/vhost/jipin/spider/liepin/../log/liepin.log - [请求详情页错误] url: 404, code: https://www.liepin.com//a/10306340.shtml
2017-12-15 00:41:43,905 - spider.py:150 - /home/destino74/vhost/jipin/spider/liepin/../log/liepin.log - [详情页排重] url: https://www.liepin.com//a/10217755.shtml
2017-12-15 00:41:43,906 - spider.py:150 - /home/destino74/vhost/jipin/spider/liepin/../log/liepin.log - [详情页排重] url: https://www.liepin.com//a/10216079.shtml
2017-12-15 00:41:43,906 - spider.py:150 - /home/destino74/vhost/jipin/spider/liepin/../log/liepin.log - [详情页排重] url: https://www.liepin.com//a/10039841.shtml
2017-12-15 00:41:43,906 - spider.py:150 - /home/destino74/vhost/jipin/spider/liepin/../log/liepin.log - [详情页排重] url: https://www.liepin.com//a/9961244.shtml
2017-12-15 00:41:43,906 - spider.py:150 - /home/destino74/vhost/jipin/spider/liepin/../log/liepin.log - [详情页排重] url: https://www.liepin.com/job/197949422.shtml
2017-12-15 00:41:43,906 - spider.py:150 - /home/destino74/vhost/jipin/spider/liepin/../log/liepin.log - [详情页排重] url: https://www.liepin.com/job/197885907.shtml
2017-12-15 00:41:43,906 - spider.py:150 - /home/destino74/vhost/jipin/spider/liepin/../log/liepin.log - [详情页排重] url: https://www.liepin.com/job/1910935414.shtml
2017-12-15 00:41:44,055 - spider.py:145 - /home/destino74/vhost/jipin/spider/liepin/../log/liepin.log - [解析详情页] url: https://www.liepin.com/job/1910869113.shtml
2017-12-15 00:41:45,057 - spider.py:150 - /home/destino74/vhost/jipin/spider/liepin/../log/liepin.log - [详情页排重] url: https://www.liepin.com/job/1910826772.shtml
2017-12-15 00:41:45,057 - spider.py:150 - /home/destino74/vhost/jipin/spider/liepin/../log/liepin.log - [详情页排重] url: https://www.liepin.com/job/1910437044.shtml
2017-12-15 00:41:45,058 - spider.py:150 - /home/destino74/vhost/jipin/spider/liepin/../log/liepin.log - [详情页排重] url: https://www.liepin.com/job/197394827.shtml
2017-12-15 00:41:45,196 - spider.py:145 - /home/destino74/vhost/jipin/spider/liepin/../log/liepin.log - [解析详情页] url: https://www.liepin.com/job/1910190173.shtml
2017-12-15 00:41:46,199 - spider.py:150 - /home/destino74/vhost/jipin/spider/liepin/../log/liepin.log - [详情页排重] url: https://www.liepin.com/job/1911122759.shtml
2017-12-15 00:41:46,199 - spider.py:150 - /home/destino74/vhost/jipin/spider/liepin/../log/liepin.log - [详情页排重] url: https://www.liepin.com/job/199013978.shtml
2017-12-15 00:41:46,199 - spider.py:150 - /home/destino74/vhost/jipin/spider/liepin/../log/liepin.log - [详情页排重] url: https://www.liepin.com/job/1910801640.shtml
2017-12-15 00:41:46,356 - spider.py:145 - /home/destino74/vhost/jipin/spider/liepin/../log/liepin.log - [解析详情页] url: https://www.liepin.com/job/199043806.shtml
2017-12-15 00:41:47,357 - spider.py:150 - /home/destino74/vhost/jipin/spider/liepin/../log/liepin.log - [详情页排重] url: https://www.liepin.com/job/199248122.shtml
2017-12-15 00:41:47,358 - spider.py:150 - /home/destino74/vhost/jipin/spider/liepin/../log/liepin.log - [详情页排重] url: https://www.liepin.com/job/1910933124.shtml
2017-12-15 00:41:47,486 - spider.py:145 - /home/destino74/vhost/jipin/spider/liepin/../log/liepin.log - [解析详情页] url: https://www.liepin.com/job/199367357.shtml
2017-12-15 00:41:48,487 - spider.py:150 - /home/destino74/vhost/jipin/spider/liepin/../log/liepin.log - [详情页排重] url: https://www.liepin.com/job/198604234.shtml
2017-12-15 00:41:48,487 - spider.py:150 - /home/destino74/vhost/jipin/spider/liepin/../log/liepin.log - [详情页排重] url: https://www.liepin.com/job/194239003.shtml
2017-12-15 00:41:48,487 - spider.py:150 - /home/destino74/vhost/jipin/spider/liepin/../log/liepin.log - [详情页排重] url: https://www.liepin.com/job/1911028260.shtml
2017-12-15 00:41:48,487 - spider.py:150 - /home/destino74/vhost/jipin/spider/liepin/../log/liepin.log - [详情页排重] url: https://www.liepin.com/job/198418132.shtml
2017-12-15 00:41:48,487 - spider.py:150 - /home/destino74/vhost/jipin/spider/liepin/../log/liepin.log - [详情页排重] url: https://www.liepin.com/job/1910992832.shtml
2017-12-15 00:41:48,636 - spider.py:145 - /home/destino74/vhost/jipin/spider/liepin/../log/liepin.log - [解析详情页] url: https://www.liepin.com/job/197897128.shtml
2017-12-15 00:41:49,637 - spider.py:150 - /home/destino74/vhost/jipin/spider/liepin/../log/liepin.log - [详情页排重] url: https://www.liepin.com/job/1910005818.shtml
2017-12-15 00:41:49,637 - spider.py:150 - /home/destino74/vhost/jipin/spider/liepin/../log/liepin.log - [详情页排重] url: https://www.liepin.com/job/1910748457.shtml
2017-12-15 00:41:49,637 - spider.py:150 - /home/destino74/vhost/jipin/spider/liepin/../log/liepin.log - [详情页排重] url: https://www.liepin.com/job/1911065535.shtml
2017-12-15 00:41:49,637 - spider.py:150 - /home/destino74/vhost/jipin/spider/liepin/../log/liepin.log - [详情页排重] url: https://www.liepin.com/job/197444117.shtml
2017-12-15 00:41:49,638 - spider.py:150 - /home/destino74/vhost/jipin/spider/liepin/../log/liepin.log - [详情页排重] url: https://www.liepin.com/job/1910978141.shtml
2017-12-15 00:41:49,638 - spider.py:150 - /home/destino74/vhost/jipin/spider/liepin/../log/liepin.log - [详情页排重] url: https://www.liepin.com/job/199870887.shtml
2017-12-15 00:41:49,638 - spider.py:150 - /home/destino74/vhost/jipin/spider/liepin/../log/liepin.log - [详情页排重] url: https://www.liepin.com/job/199193621.shtml
2017-12-15 00:41:49,638 - spider.py:150 - /home/destino74/vhost/jipin/spider/liepin/../log/liepin.log - [详情页排重] url: https://www.liepin.com/job/199552087.shtml
2017-12-15 00:41:49,638 - spider.py:150 - /home/destino74/vhost/jipin/spider/liepin/../log/liepin.log - [详情页排重] url: https://www.liepin.com/job/1910978056.shtml
2017-12-15 00:41:49,638 - spider.py:150 - /home/destino74/vhost/jipin/spider/liepin/../log/liepin.log - [详情页排重] url: https://www.liepin.com/job/199870959.shtml
2017-12-15 00:41:49,638 - spider.py:150 - /home/destino74/vhost/jipin/spider/liepin/../log/liepin.log - [详情页排重] url: https://www.liepin.com/job/1910688918.shtml
2017-12-15 00:41:49,761 - spider.py:145 - /home/destino74/vhost/jipin/spider/liepin/../log/liepin.log - [解析详情页] url: https://www.liepin.com/job/1911033937.shtml
2017-12-15 00:41:50,763 - spider.py:150 - /home/destino74/vhost/jipin/spider/liepin/../log/liepin.log - [详情页排重] url: https://www.liepin.com/job/199999031.shtml
2017-12-15 00:41:50,763 - spider.py:150 - /home/destino74/vhost/jipin/spider/liepin/../log/liepin.log - [详情页排重] url: https://www.liepin.com/job/199945590.shtml
2017-12-15 00:41:50,763 - spider.py:150 - /home/destino74/vhost/jipin/spider/liepin/../log/liepin.log - [详情页排重] url: https://www.liepin.com/job/199601206.shtml
2017-12-15 00:41:50,911 - spider.py:145 - /home/destino74/vhost/jipin/spider/liepin/../log/liepin.log - [解析详情页] url: https://www.liepin.com/job/198715652.shtml
2017-12-15 00:41:51,913 - spider.py:150 - /home/destino74/vhost/jipin/spider/liepin/../log/liepin.log - [详情页排重] url: https://www.liepin.com/job/1910875212.shtml
2017-12-15 00:41:52,040 - spider.py:145 - /home/destino74/vhost/jipin/spider/liepin/../log/liepin.log - [解析详情页] url: https://www.liepin.com/job/199962676.shtml
2017-12-15 00:41:53,041 - spider.py:150 - /home/destino74/vhost/jipin/spider/liepin/../log/liepin.log - [详情页排重] url: https://www.liepin.com/job/199227800.shtml
2017-12-15 00:41:53,042 - spider.py:150 - /home/destino74/vhost/jipin/spider/liepin/../log/liepin.log - [详情页排重] url: https://www.liepin.com/job/1911237351.shtml
2017-12-15 00:41:53,042 - spider.py:150 - /home/destino74/vhost/jipin/spider/liepin/../log/liepin.log - [详情页排重] url: https://www.liepin.com/job/1910501327.shtml
2017-12-15 00:41:53,042 - spider.py:150 - /home/destino74/vhost/jipin/spider/liepin/../log/liepin.log - [详情页排重] url: https://www.liepin.com/job/199870961.shtml
2017-12-15 00:41:53,042 - spider.py:150 - /home/destino74/vhost/jipin/spider/liepin/../log/liepin.log - [详情页排重] url: https://www.liepin.com/job/199645598.shtml
2017-12-15 00:41:53,042 - spider.py:150 - /home/destino74/vhost/jipin/spider/liepin/../log/liepin.log - [详情页排重] url: https://www.liepin.com/job/1910993941.shtml
2017-12-15 00:41:53,042 - spider.py:150 - /home/destino74/vhost/jipin/spider/liepin/../log/liepin.log - [详情页排重] url: https://www.liepin.com/job/1910876242.shtml
2017-12-15 00:41:53,042 - spider.py:150 - /home/destino74/vhost/jipin/spider/liepin/../log/liepin.log - [详情页排重] url: https://www.liepin.com/job/1910536797.shtml
2017-12-15 00:41:53,184 - spider.py:145 - /home/destino74/vhost/jipin/spider/liepin/../log/liepin.log - [解析详情页] url: https://www.liepin.com/job/1911298539.shtml
2017-12-15 00:41:54,327 - spider.py:145 - /home/destino74/vhost/jipin/spider/liepin/../log/liepin.log - [解析详情页] url: https://www.liepin.com/job/1911292993.shtml
2017-12-15 00:41:55,454 - spider.py:145 - /home/destino74/vhost/jipin/spider/liepin/../log/liepin.log - [解析详情页] url: https://www.liepin.com/job/198944168.shtml
2017-12-15 00:41:56,603 - spider.py:145 - /home/destino74/vhost/jipin/spider/liepin/../log/liepin.log - [解析详情页] url: https://www.liepin.com/job/1911280849.shtml
2017-12-15 00:41:57,604 - spider.py:150 - /home/destino74/vhost/jipin/spider/liepin/../log/liepin.log - [详情页排重] url: https://www.liepin.com/job/1911113132.shtml
2017-12-15 00:41:57,741 - spider.py:145 - /home/destino74/vhost/jipin/spider/liepin/../log/liepin.log - [解析详情页] url: https://www.liepin.com/job/1911244959.shtml
2017-12-15 00:41:58,843 - spider.py:145 - /home/destino74/vhost/jipin/spider/liepin/../log/liepin.log - [解析详情页] url: https://www.liepin.com/job/1911244502.shtml
2017-12-15 00:41:59,844 - spider.py:150 - /home/destino74/vhost/jipin/spider/liepin/../log/liepin.log - [详情页排重] url: https://www.liepin.com/job/1911242222.shtml
2017-12-15 00:41:59,845 - spider.py:150 - /home/destino74/vhost/jipin/spider/liepin/../log/liepin.log - [详情页排重] url: https://www.liepin.com/job/1911238972.shtml
2017-12-15 00:41:59,845 - spider.py:150 - /home/destino74/vhost/jipin/spider/liepin/../log/liepin.log - [详情页排重] url: https://www.liepin.com/job/197826092.shtml
2017-12-15 00:41:59,845 - spider.py:150 - /home/destino74/vhost/jipin/spider/liepin/../log/liepin.log - [详情页排重] url: https://www.liepin.com/job/1910455297.shtml
2017-12-15 00:41:59,845 - spider.py:150 - /home/destino74/vhost/jipin/spider/liepin/../log/liepin.log - [详情页排重] url: https://www.liepin.com/job/1911227168.shtml
2017-12-15 00:41:59,845 - spider.py:150 - /home/destino74/vhost/jipin/spider/liepin/../log/liepin.log - [详情页排重] url: https://www.liepin.com/job/1911227120.shtml
2017-12-15 00:41:59,845 - spider.py:150 - /home/destino74/vhost/jipin/spider/liepin/../log/liepin.log - [详情页排重] url: https://www.liepin.com/job/1911198020.shtml
2017-12-15 00:41:59,845 - spider.py:150 - /home/destino74/vhost/jipin/spider/liepin/../log/liepin.log - [详情页排重] url: https://www.liepin.com/job/1910006732.shtml
2017-12-15 00:41:59,845 - spider.py:150 - /home/destino74/vhost/jipin/spider/liepin/../log/liepin.log - [详情页排重] url: https://www.liepin.com/job/1911168986.shtml
2017-12-15 00:41:59,845 - spider.py:150 - /home/destino74/vhost/jipin/spider/liepin/../log/liepin.log - [详情页排重] url: https://www.liepin.com/job/1910966359.shtml
2017-12-15 00:41:59,845 - spider.py:150 - /home/destino74/vhost/jipin/spider/liepin/../log/liepin.log - [详情页排重] url: https://www.liepin.com/job/1911133153.shtml
2017-12-15 00:41:59,846 - spider.py:150 - /home/destino74/vhost/jipin/spider/liepin/../log/liepin.log - [详情页排重] url: https://www.liepin.com/job/1910923976.shtml
2017-12-15 00:41:59,846 - spider.py:150 - /home/destino74/vhost/jipin/spider/liepin/../log/liepin.log - [详情页排重] url: https://www.liepin.com/job/1910966530.shtml
2017-12-15 00:41:59,846 - spider.py:150 - /home/destino74/vhost/jipin/spider/liepin/../log/liepin.log - [详情页排重] url: https://www.liepin.com/job/199927867.shtml
2017-12-15 00:41:59,846 - spider.py:150 - /home/destino74/vhost/jipin/spider/liepin/../log/liepin.log - [详情页排重] url: https://www.liepin.com/job/1911127895.shtml
2017-12-15 00:41:59,846 - spider.py:150 - /home/destino74/vhost/jipin/spider/liepin/../log/liepin.log - [详情页排重] url: https://www.liepin.com/job/1911117540.shtml
2017-12-15 00:41:59,846 - spider.py:150 - /home/destino74/vhost/jipin/spider/liepin/../log/liepin.log - [详情页排重] url: https://www.liepin.com/job/196784291.shtml
2017-12-15 00:41:59,846 - spider.py:150 - /home/destino74/vhost/jipin/spider/liepin/../log/liepin.log - [详情页排重] url: https://www.liepin.com/job/1911100361.shtml
2017-12-15 00:41:59,846 - spider.py:150 - /home/destino74/vhost/jipin/spider/liepin/../log/liepin.log - [详情页排重] url: https://www.liepin.com/job/1911091531.shtml
2017-12-15 00:41:59,846 - spider.py:150 - /home/destino74/vhost/jipin/spider/liepin/../log/liepin.log - [详情页排重] url: https://www.liepin.com/job/1911091501.shtml
2017-12-15 00:41:59,846 - spider.py:150 - /home/destino74/vhost/jipin/spider/liepin/../log/liepin.log - [详情页排重] url: https://www.liepin.com/job/1911091167.shtml
2017-12-15 00:41:59,846 - spider.py:150 - /home/destino74/vhost/jipin/spider/liepin/../log/liepin.log - [详情页排重] url: https://www.liepin.com/job/1911079540.shtml
2017-12-15 00:41:59,846 - spider.py:150 - /home/destino74/vhost/jipin/spider/liepin/../log/liepin.log - [详情页排重] url: https://www.liepin.com/job/1911065999.shtml
2017-12-15 00:41:59,846 - spider.py:150 - /home/destino74/vhost/jipin/spider/liepin/../log/liepin.log - [详情页排重] url: https://www.liepin.com/job/197429290.shtml
2017-12-15 00:41:59,969 - spider.py:145 - /home/destino74/vhost/jipin/spider/liepin/../log/liepin.log - [解析详情页] url: https://www.liepin.com/job/1911042168.shtml
2017-12-15 00:42:00,969 - spider.py:150 - /home/destino74/vhost/jipin/spider/liepin/../log/liepin.log - [详情页排重] url: https://www.liepin.com/job/1911042162.shtml
2017-12-15 00:42:00,970 - spider.py:150 - /home/destino74/vhost/jipin/spider/liepin/../log/liepin.log - [详情页排重] url: https://www.liepin.com/job/198956199.shtml
2017-12-15 00:42:00,970 - spider.py:150 - /home/destino74/vhost/jipin/spider/liepin/../log/liepin.log - [详情页排重] url: https://www.liepin.com/job/199540939.shtml
2017-12-15 00:42:01,132 - spider.py:145 - /home/destino74/vhost/jipin/spider/liepin/../log/liepin.log - [解析详情页] url: https://www.liepin.com/job/1910186802.shtml
2017-12-15 00:42:02,258 - spider.py:145 - /home/destino74/vhost/jipin/spider/liepin/../log/liepin.log - [解析详情页] url: https://www.liepin.com/job/1910186925.shtml
2017-12-15 00:42:03,259 - spider.py:150 - /home/destino74/vhost/jipin/spider/liepin/../log/liepin.log - [详情页排重] url: https://www.liepin.com/job/1910967963.shtml
2017-12-15 00:42:03,259 - spider.py:150 - /home/destino74/vhost/jipin/spider/liepin/../log/liepin.log - [详情页排重] url: https://www.liepin.com/job/1910117701.shtml
2017-12-15 00:42:03,259 - spider.py:150 - /home/destino74/vhost/jipin/spider/liepin/../log/liepin.log - [详情页排重] url: https://www.liepin.com/job/1910918764.shtml
2017-12-15 00:42:03,418 - spider.py:145 - /home/destino74/vhost/jipin/spider/liepin/../log/liepin.log - [解析详情页] url: https://www.liepin.com/job/199344005.shtml
2017-12-15 00:42:04,544 - spider.py:145 - /home/destino74/vhost/jipin/spider/liepin/../log/liepin.log - [解析详情页] url: https://www.liepin.com/job/199351146.shtml
2017-12-15 00:43:23,729 - spider.py:150 - /home/destino74/vhost/jipin/spider/lagou/../log/liepin.log - [详情页排重] url: https://www.lagou.com/jobs/3181886.html
2017-12-15 00:43:24,020 - spider.py:145 - /home/destino74/vhost/jipin/spider/lagou/../log/liepin.log - [解析详情页] url: https://www.lagou.com/jobs/3939374.html
2017-12-15 00:43:25,021 - spider.py:150 - /home/destino74/vhost/jipin/spider/lagou/../log/liepin.log - [详情页排重] url: https://www.lagou.com/jobs/3626968.html
2017-12-15 00:43:25,439 - spider.py:145 - /home/destino74/vhost/jipin/spider/lagou/../log/liepin.log - [解析详情页] url: https://www.lagou.com/jobs/3944019.html
2017-12-15 00:43:26,441 - spider.py:150 - /home/destino74/vhost/jipin/spider/lagou/../log/liepin.log - [详情页排重] url: https://www.lagou.com/jobs/3554666.html
2017-12-15 00:43:26,441 - spider.py:150 - /home/destino74/vhost/jipin/spider/lagou/../log/liepin.log - [详情页排重] url: https://www.lagou.com/jobs/3541473.html
2017-12-15 00:43:26,441 - spider.py:150 - /home/destino74/vhost/jipin/spider/lagou/../log/liepin.log - [详情页排重] url: https://www.lagou.com/jobs/3449175.html
2017-12-15 00:43:26,441 - spider.py:150 - /home/destino74/vhost/jipin/spider/lagou/../log/liepin.log - [详情页排重] url: https://www.lagou.com/jobs/3499285.html
2017-12-15 00:43:26,442 - spider.py:150 - /home/destino74/vhost/jipin/spider/lagou/../log/liepin.log - [详情页排重] url: https://www.lagou.com/jobs/3492148.html
2017-12-15 00:43:26,442 - spider.py:150 - /home/destino74/vhost/jipin/spider/lagou/../log/liepin.log - [详情页排重] url: https://www.lagou.com/jobs/3440975.html
2017-12-15 00:43:26,442 - spider.py:150 - /home/destino74/vhost/jipin/spider/lagou/../log/liepin.log - [详情页排重] url: https://www.lagou.com/jobs/3894704.html
2017-12-15 00:43:26,442 - spider.py:150 - /home/destino74/vhost/jipin/spider/lagou/../log/liepin.log - [详情页排重] url: https://www.lagou.com/jobs/3397364.html
2017-12-15 00:43:26,442 - spider.py:150 - /home/destino74/vhost/jipin/spider/lagou/../log/liepin.log - [详情页排重] url: https://www.lagou.com/jobs/965163.html
2017-12-15 00:43:26,442 - spider.py:150 - /home/destino74/vhost/jipin/spider/lagou/../log/liepin.log - [详情页排重] url: https://www.lagou.com/jobs/3553198.html
2017-12-15 00:43:26,442 - spider.py:150 - /home/destino74/vhost/jipin/spider/lagou/../log/liepin.log - [详情页排重] url: https://www.lagou.com/jobs/3830574.html
